<?xml version="1.0" encoding="UTF-8"?>
<!-- Generated by org.testng.reporters.JUnitReportReporter -->
<testsuite hostname="DESKTOP-33QHF84" failures="0" tests="5" name="invocationTest.InvocationTest" time="24.491" errors="0" timestamp="25 Nov 2024 14:12:55 GMT" skipped="0">
  <testcase classname="invocationTest.InvocationTest" name="testings" time="5.210"/>
  <testcase classname="invocationTest.InvocationTest" name="testings" time="4.829"/>
  <testcase classname="invocationTest.InvocationTest" name="testings" time="4.823"/>
  <testcase classname="invocationTest.InvocationTest" name="testings" time="4.812"/>
  <testcase classname="invocationTest.InvocationTest" name="testings" time="4.817"/>
</testsuite> <!-- invocationTest.InvocationTest -->
