<?xml version="1.0" encoding="UTF-8"?>
<!-- Generated by org.testng.reporters.JUnitReportReporter -->
<testsuite hostname="DESKTOP-33QHF84" failures="0" tests="2" name="regression.TestCase1" time="0.001" errors="0" timestamp="17 Nov 2024 02:08:35 GMT" skipped="0">
  <testcase classname="regression.TestCase1" name="edoLogin" time="0.000"/>
  <testcase classname="regression.TestCase1" name="doLogin" time="0.001"/>
</testsuite> <!-- regression.TestCase1 -->
