<?xml version="1.0" encoding="UTF-8"?>
<!-- Generated by org.testng.reporters.JUnitReportReporter -->
<testsuite hostname="DESKTOP-33QHF84" failures="0" tests="2" name="parallelTesting.ParallelTest" time="10.020" errors="0" timestamp="25 Nov 2024 13:40:30 GMT" skipped="0">
  <testcase classname="parallelTesting.ParallelTest" name="Parallel" time="5.010"/>
  <testcase classname="parallelTesting.ParallelTest" name="Parallel" time="5.010"/>
</testsuite> <!-- parallelTesting.ParallelTest -->
