<?xml version="1.0" encoding="UTF-8"?>
<!-- Generated by org.testng.reporters.JUnitReportReporter -->
<testsuite hostname="DESKTOP-33QHF84" failures="0" tests="2" name="testcases.TestParameterizationFromXML" time="0.010" errors="0" timestamp="23 Nov 2024 16:18:19 GMT" skipped="0">
  <testcase classname="testcases.TestParameterizationFromXML" name="getBrowser" time="0.009"/>
  <testcase classname="testcases.TestParameterizationFromXML" name="getBrowser" time="0.001"/>
</testsuite> <!-- testcases.TestParameterizationFromXML -->
