<?xml version="1.0" encoding="UTF-8"?>
<!-- Generated by org.testng.reporters.JUnitReportReporter -->
<testsuite hostname="DESKTOP-33QHF84" failures="0" tests="2" name="parallelTesting.TestParallelDP" time="6.054" errors="0" timestamp="25 Nov 2024 13:50:34 GMT" skipped="0">
  <testcase classname="parallelTesting.TestParallelDP" name="doLogin" time="3.027"/>
  <testcase classname="parallelTesting.TestParallelDP" name="doLogin" time="3.027"/>
</testsuite> <!-- parallelTesting.TestParallelDP -->
