<?xml version="1.0" encoding="UTF-8"?>
<!-- Generated by org.testng.reporters.JUnitReportReporter -->
<testsuite hostname="DESKTOP-33QHF84" failures="0" tests="4" name="testcases.TestCase3" time="0.004" errors="0" timestamp="19 Nov 2024 13:59:23 GMT" skipped="0">
  <testcase classname="testcases.TestCase3" name="doUserReg" time="0.002"/>
  <testcase classname="testcases.TestCase3" name="doLogin" time="0.000"/>
  <testcase classname="testcases.TestCase3" name="test3" time="0.002"/>
  <testcase classname="testcases.TestCase3" name="test4" time="0.000"/>
</testsuite> <!-- testcases.TestCase3 -->
