<?xml version="1.0" encoding="UTF-8"?>
<!-- Generated by org.testng.reporters.JUnitReportReporter -->
<testsuite hostname="DESKTOP-33QHF84" failures="0" tests="2" name="testcases.TestCase1" time="0.009" errors="0" timestamp="19 Nov 2024 13:59:23 GMT" skipped="0">
  <testcase classname="testcases.TestCase1" name="edoLogin" time="0.006"/>
  <testcase classname="testcases.TestCase1" name="doLogin" time="0.003"/>
</testsuite> <!-- testcases.TestCase1 -->
