<?xml version="1.0" encoding="UTF-8"?>
<!-- Generated by org.testng.reporters.JUnitReportReporter -->
<testsuite hostname="DESKTOP-33QHF84" failures="0" tests="2" name="parameterization.TestNGParameterizationExcel" time="0.008" errors="0" timestamp="23 Nov 2024 15:46:57 GMT" skipped="0">
  <testcase classname="parameterization.TestNGParameterizationExcel" name="testData" time="0.001"/>
  <testcase classname="parameterization.TestNGParameterizationExcel" name="testData" time="0.007"/>
</testsuite> <!-- parameterization.TestNGParameterizationExcel -->
